[debug] [2024-10-25T03:05:21.037Z] ----------------------------------------------------------------------
[debug] [2024-10-25T03:05:21.039Z] Command:       C:\Program Files\nodejs\node.exe C:\Program Files\nodejs\node_modules\firebase-tools\lib\bin\firebase.js emulators:start
[debug] [2024-10-25T03:05:21.039Z] CLI Version:   13.23.0
[debug] [2024-10-25T03:05:21.040Z] Platform:      win32
[debug] [2024-10-25T03:05:21.040Z] Node Version:  v20.17.0
[debug] [2024-10-25T03:05:21.040Z] Time:          Thu Oct 24 2024 20:05:21 GMT-0700 (Pacific Daylight Time)
[debug] [2024-10-25T03:05:21.040Z] ----------------------------------------------------------------------
[debug] 
[debug] [2024-10-25T03:05:21.136Z] > command requires scopes: ["email","openid","https://www.googleapis.com/auth/cloudplatformprojects.readonly","https://www.googleapis.com/auth/firebase","https://www.googleapis.com/auth/cloud-platform"]
[debug] [2024-10-25T03:05:21.136Z] > authorizing via signed-in user (william.owen.career@gmail.com)
[info] i  emulators: Starting emulators: auth {"metadata":{"emulator":{"name":"hub"},"message":"Starting emulators: auth"}}
[debug] [2024-10-25T03:05:21.149Z] [logging] Logging Emulator only supports listening on one address (127.0.0.1). Not listening on ::1
[debug] [2024-10-25T03:05:21.149Z] [auth] Authentication Emulator only supports listening on one address (127.0.0.1). Not listening on ::1
[debug] [2024-10-25T03:05:21.150Z] assigned listening specs for emulators {"user":{"hub":[{"address":"127.0.0.1","family":"IPv4","port":4400},{"address":"::1","family":"IPv6","port":4400}],"ui":[{"address":"127.0.0.1","family":"IPv4","port":4000},{"address":"::1","family":"IPv6","port":4000}],"logging":[{"address":"127.0.0.1","family":"IPv4","port":4500}],"auth":[{"address":"127.0.0.1","family":"IPv4","port":9099}]},"metadata":{"message":"assigned listening specs for emulators"}}
[debug] [2024-10-25T03:05:21.153Z] [hub] writing locator at C:\Users\willi\AppData\Local\Temp\hub-login-signup-form-2024.json
[info] i  ui: downloading ui-v1.14.0.zip... {"metadata":{"emulator":{"name":"ui"},"message":"downloading ui-v1.14.0.zip..."}}
[debug] [2024-10-25T03:05:25.868Z] >>> [apiv2][query] GET https://storage.googleapis.com/firebase-preview-drop/emulator/ui-v1.14.0.zip 
[debug] [2024-10-25T03:05:26.004Z] <<< [apiv2][status] GET https://storage.googleapis.com/firebase-preview-drop/emulator/ui-v1.14.0.zip 200
[debug] [2024-10-25T03:05:26.004Z] <<< [apiv2][body] GET https://storage.googleapis.com/firebase-preview-drop/emulator/ui-v1.14.0.zip [stream]
[debug] [2024-10-25T03:05:26.294Z] Data is 3615311
[debug] [2024-10-25T03:05:26.294Z] [unzip] Entry: client/ (compressed_size=0 bytes, uncompressed_size=0 bytes)
[debug] [2024-10-25T03:05:26.294Z] [unzip] Processing entry: client\
[debug] [2024-10-25T03:05:26.294Z] [unzip] mkdir: C:\Users\willi\.cache\firebase\emulators\ui-v1.14.0\client\
[debug] [2024-10-25T03:05:26.295Z] [unzip] Entry: client/favicon-16x16.png (compressed_size=293 bytes, uncompressed_size=293 bytes)
[debug] [2024-10-25T03:05:26.295Z] [unzip] Processing entry: client\favicon-16x16.png
[debug] [2024-10-25T03:05:26.295Z] [unzip] else mkdir: C:\Users\willi\.cache\firebase\emulators\ui-v1.14.0\client
[debug] [2024-10-25T03:05:26.296Z] [unzip] Writing file: C:\Users\willi\.cache\firebase\emulators\ui-v1.14.0\client\favicon-16x16.png
[debug] [2024-10-25T03:05:26.297Z] [unzip] Entry: client/safari-pinned-tab.svg (compressed_size=1433 bytes, uncompressed_size=2611 bytes)
[debug] [2024-10-25T03:05:26.297Z] [unzip] Processing entry: client\safari-pinned-tab.svg
[debug] [2024-10-25T03:05:26.297Z] [unzip] else mkdir: C:\Users\willi\.cache\firebase\emulators\ui-v1.14.0\client
[debug] [2024-10-25T03:05:26.297Z] [unzip] deflating: C:\Users\willi\.cache\firebase\emulators\ui-v1.14.0\client\safari-pinned-tab.svg
[debug] [2024-10-25T03:05:26.301Z] [unzip] Entry: client/favicon.ico (compressed_size=2933 bytes, uncompressed_size=13294 bytes)
[debug] [2024-10-25T03:05:26.302Z] [unzip] Processing entry: client\favicon.ico
[debug] [2024-10-25T03:05:26.302Z] [unzip] else mkdir: C:\Users\willi\.cache\firebase\emulators\ui-v1.14.0\client
[debug] [2024-10-25T03:05:26.303Z] [unzip] deflating: C:\Users\willi\.cache\firebase\emulators\ui-v1.14.0\client\favicon.ico
[debug] [2024-10-25T03:05:26.304Z] [unzip] Entry: client/index.html (compressed_size=1363 bytes, uncompressed_size=3071 bytes)
[debug] [2024-10-25T03:05:26.304Z] [unzip] Processing entry: client\index.html
[debug] [2024-10-25T03:05:26.305Z] [unzip] else mkdir: C:\Users\willi\.cache\firebase\emulators\ui-v1.14.0\client
[debug] [2024-10-25T03:05:26.305Z] [unzip] deflating: C:\Users\willi\.cache\firebase\emulators\ui-v1.14.0\client\index.html
[debug] [2024-10-25T03:05:26.312Z] [unzip] Entry: client/android-chrome-192x192.png (compressed_size=2684 bytes, uncompressed_size=2684 bytes)
[debug] [2024-10-25T03:05:26.312Z] [unzip] Processing entry: client\android-chrome-192x192.png
[debug] [2024-10-25T03:05:26.312Z] [unzip] else mkdir: C:\Users\willi\.cache\firebase\emulators\ui-v1.14.0\client
[debug] [2024-10-25T03:05:26.312Z] [unzip] Writing file: C:\Users\willi\.cache\firebase\emulators\ui-v1.14.0\client\android-chrome-192x192.png
[debug] [2024-10-25T03:05:26.313Z] [unzip] Entry: client/apple-touch-icon.png (compressed_size=2123 bytes, uncompressed_size=2152 bytes)
[debug] [2024-10-25T03:05:26.313Z] [unzip] Processing entry: client\apple-touch-icon.png
[debug] [2024-10-25T03:05:26.314Z] [unzip] else mkdir: C:\Users\willi\.cache\firebase\emulators\ui-v1.14.0\client
[debug] [2024-10-25T03:05:26.314Z] [unzip] deflating: C:\Users\willi\.cache\firebase\emulators\ui-v1.14.0\client\apple-touch-icon.png
[debug] [2024-10-25T03:05:26.315Z] [unzip] Entry: client/android-chrome-512x512.png (compressed_size=5369 bytes, uncompressed_size=5411 bytes)
[debug] [2024-10-25T03:05:26.315Z] [unzip] Processing entry: client\android-chrome-512x512.png
[debug] [2024-10-25T03:05:26.315Z] [unzip] else mkdir: C:\Users\willi\.cache\firebase\emulators\ui-v1.14.0\client
[debug] [2024-10-25T03:05:26.316Z] [unzip] deflating: C:\Users\willi\.cache\firebase\emulators\ui-v1.14.0\client\android-chrome-512x512.png
[debug] [2024-10-25T03:05:26.317Z] [unzip] Entry: client/manifest.json (compressed_size=245 bytes, uncompressed_size=551 bytes)
[debug] [2024-10-25T03:05:26.317Z] [unzip] Processing entry: client\manifest.json
[debug] [2024-10-25T03:05:26.317Z] [unzip] else mkdir: C:\Users\willi\.cache\firebase\emulators\ui-v1.14.0\client
[debug] [2024-10-25T03:05:26.317Z] [unzip] deflating: C:\Users\willi\.cache\firebase\emulators\ui-v1.14.0\client\manifest.json
[debug] [2024-10-25T03:05:26.319Z] [unzip] Entry: client/robots.txt (compressed_size=26 bytes, uncompressed_size=26 bytes)
[debug] [2024-10-25T03:05:26.319Z] [unzip] Processing entry: client\robots.txt
[debug] [2024-10-25T03:05:26.319Z] [unzip] else mkdir: C:\Users\willi\.cache\firebase\emulators\ui-v1.14.0\client
[debug] [2024-10-25T03:05:26.319Z] [unzip] Writing file: C:\Users\willi\.cache\firebase\emulators\ui-v1.14.0\client\robots.txt
[debug] [2024-10-25T03:05:26.320Z] [unzip] Entry: client/mstile-150x150.png (compressed_size=2034 bytes, uncompressed_size=2034 bytes)
[debug] [2024-10-25T03:05:26.320Z] [unzip] Processing entry: client\mstile-150x150.png
[debug] [2024-10-25T03:05:26.320Z] [unzip] else mkdir: C:\Users\willi\.cache\firebase\emulators\ui-v1.14.0\client
[debug] [2024-10-25T03:05:26.321Z] [unzip] Writing file: C:\Users\willi\.cache\firebase\emulators\ui-v1.14.0\client\mstile-150x150.png
[debug] [2024-10-25T03:05:26.322Z] [unzip] Entry: client/assets/ (compressed_size=0 bytes, uncompressed_size=0 bytes)
[debug] [2024-10-25T03:05:26.322Z] [unzip] Processing entry: client\assets\
[debug] [2024-10-25T03:05:26.322Z] [unzip] mkdir: C:\Users\willi\.cache\firebase\emulators\ui-v1.14.0\client\assets\
[debug] [2024-10-25T03:05:26.322Z] [unzip] Entry: client/assets/index-ClZTY_JS.js.map (compressed_size=2328270 bytes, uncompressed_size=9947004 bytes)
[debug] [2024-10-25T03:05:26.322Z] [unzip] Processing entry: client\assets\index-ClZTY_JS.js.map
[debug] [2024-10-25T03:05:26.322Z] [unzip] else mkdir: C:\Users\willi\.cache\firebase\emulators\ui-v1.14.0\client\assets
[debug] [2024-10-25T03:05:26.323Z] [unzip] deflating: C:\Users\willi\.cache\firebase\emulators\ui-v1.14.0\client\assets\index-ClZTY_JS.js.map
[debug] [2024-10-25T03:05:26.368Z] [unzip] Entry: client/assets/index-ClZTY_JS.js (compressed_size=567195 bytes, uncompressed_size=2035940 bytes)
[debug] [2024-10-25T03:05:26.368Z] [unzip] Processing entry: client\assets\index-ClZTY_JS.js
[debug] [2024-10-25T03:05:26.368Z] [unzip] else mkdir: C:\Users\willi\.cache\firebase\emulators\ui-v1.14.0\client\assets
[debug] [2024-10-25T03:05:26.369Z] [unzip] deflating: C:\Users\willi\.cache\firebase\emulators\ui-v1.14.0\client\assets\index-ClZTY_JS.js
[debug] [2024-10-25T03:05:26.377Z] [unzip] Entry: client/assets/index-BdgySamB.css (compressed_size=35979 bytes, uncompressed_size=298654 bytes)
[debug] [2024-10-25T03:05:26.377Z] [unzip] Processing entry: client\assets\index-BdgySamB.css
[debug] [2024-10-25T03:05:26.377Z] [unzip] else mkdir: C:\Users\willi\.cache\firebase\emulators\ui-v1.14.0\client\assets
[debug] [2024-10-25T03:05:26.377Z] [unzip] deflating: C:\Users\willi\.cache\firebase\emulators\ui-v1.14.0\client\assets\index-BdgySamB.css
[debug] [2024-10-25T03:05:26.379Z] [unzip] Entry: client/assets/extensions/ (compressed_size=0 bytes, uncompressed_size=0 bytes)
[debug] [2024-10-25T03:05:26.379Z] [unzip] Processing entry: client\assets\extensions\
[debug] [2024-10-25T03:05:26.379Z] [unzip] mkdir: C:\Users\willi\.cache\firebase\emulators\ui-v1.14.0\client\assets\extensions\
[debug] [2024-10-25T03:05:26.380Z] [unzip] Entry: client/assets/extensions/default-extension.png (compressed_size=1646 bytes, uncompressed_size=1657 bytes)
[debug] [2024-10-25T03:05:26.380Z] [unzip] Processing entry: client\assets\extensions\default-extension.png
[debug] [2024-10-25T03:05:26.380Z] [unzip] else mkdir: C:\Users\willi\.cache\firebase\emulators\ui-v1.14.0\client\assets\extensions
[debug] [2024-10-25T03:05:26.380Z] [unzip] deflating: C:\Users\willi\.cache\firebase\emulators\ui-v1.14.0\client\assets\extensions\default-extension.png
[debug] [2024-10-25T03:05:26.381Z] [unzip] Entry: client/assets/img/ (compressed_size=0 bytes, uncompressed_size=0 bytes)
[debug] [2024-10-25T03:05:26.381Z] [unzip] Processing entry: client\assets\img\
[debug] [2024-10-25T03:05:26.381Z] [unzip] mkdir: C:\Users\willi\.cache\firebase\emulators\ui-v1.14.0\client\assets\img\
[debug] [2024-10-25T03:05:26.381Z] [unzip] Entry: client/assets/img/database.png (compressed_size=29449 bytes, uncompressed_size=29988 bytes)
[debug] [2024-10-25T03:05:26.381Z] [unzip] Processing entry: client\assets\img\database.png
[debug] [2024-10-25T03:05:26.381Z] [unzip] else mkdir: C:\Users\willi\.cache\firebase\emulators\ui-v1.14.0\client\assets\img
[debug] [2024-10-25T03:05:26.381Z] [unzip] deflating: C:\Users\willi\.cache\firebase\emulators\ui-v1.14.0\client\assets\img\database.png
[debug] [2024-10-25T03:05:26.382Z] [unzip] Entry: client/assets/provider-icons/ (compressed_size=0 bytes, uncompressed_size=0 bytes)
[debug] [2024-10-25T03:05:26.382Z] [unzip] Processing entry: client\assets\provider-icons\
[debug] [2024-10-25T03:05:26.382Z] [unzip] mkdir: C:\Users\willi\.cache\firebase\emulators\ui-v1.14.0\client\assets\provider-icons\
[debug] [2024-10-25T03:05:26.382Z] [unzip] Entry: client/assets/provider-icons/auth_service_saml.svg (compressed_size=575 bytes, uncompressed_size=1226 bytes)
[debug] [2024-10-25T03:05:26.382Z] [unzip] Processing entry: client\assets\provider-icons\auth_service_saml.svg
[debug] [2024-10-25T03:05:26.382Z] [unzip] else mkdir: C:\Users\willi\.cache\firebase\emulators\ui-v1.14.0\client\assets\provider-icons
[debug] [2024-10-25T03:05:26.383Z] [unzip] deflating: C:\Users\willi\.cache\firebase\emulators\ui-v1.14.0\client\assets\provider-icons\auth_service_saml.svg
[debug] [2024-10-25T03:05:26.383Z] [unzip] Entry: client/assets/provider-icons/auth_service_phone.svg (compressed_size=261 bytes, uncompressed_size=414 bytes)
[debug] [2024-10-25T03:05:26.383Z] [unzip] Processing entry: client\assets\provider-icons\auth_service_phone.svg
[debug] [2024-10-25T03:05:26.383Z] [unzip] else mkdir: C:\Users\willi\.cache\firebase\emulators\ui-v1.14.0\client\assets\provider-icons
[debug] [2024-10-25T03:05:26.383Z] [unzip] deflating: C:\Users\willi\.cache\firebase\emulators\ui-v1.14.0\client\assets\provider-icons\auth_service_phone.svg
[debug] [2024-10-25T03:05:26.384Z] [unzip] Entry: client/assets/provider-icons/auth_service_facebook.svg (compressed_size=289 bytes, uncompressed_size=457 bytes)
[debug] [2024-10-25T03:05:26.384Z] [unzip] Processing entry: client\assets\provider-icons\auth_service_facebook.svg
[debug] [2024-10-25T03:05:26.384Z] [unzip] else mkdir: C:\Users\willi\.cache\firebase\emulators\ui-v1.14.0\client\assets\provider-icons
[debug] [2024-10-25T03:05:26.384Z] [unzip] deflating: C:\Users\willi\.cache\firebase\emulators\ui-v1.14.0\client\assets\provider-icons\auth_service_facebook.svg
[debug] [2024-10-25T03:05:26.385Z] [unzip] Entry: client/assets/provider-icons/auth_service_game_center.svg (compressed_size=991 bytes, uncompressed_size=3921 bytes)
[debug] [2024-10-25T03:05:26.385Z] [unzip] Processing entry: client\assets\provider-icons\auth_service_game_center.svg
[debug] [2024-10-25T03:05:26.385Z] [unzip] else mkdir: C:\Users\willi\.cache\firebase\emulators\ui-v1.14.0\client\assets\provider-icons
[debug] [2024-10-25T03:05:26.386Z] [unzip] deflating: C:\Users\willi\.cache\firebase\emulators\ui-v1.14.0\client\assets\provider-icons\auth_service_game_center.svg
[debug] [2024-10-25T03:05:26.386Z] [unzip] Entry: client/assets/provider-icons/auth_service_apple.svg (compressed_size=230 bytes, uncompressed_size=334 bytes)
[debug] [2024-10-25T03:05:26.386Z] [unzip] Processing entry: client\assets\provider-icons\auth_service_apple.svg
[debug] [2024-10-25T03:05:26.386Z] [unzip] else mkdir: C:\Users\willi\.cache\firebase\emulators\ui-v1.14.0\client\assets\provider-icons
[debug] [2024-10-25T03:05:26.386Z] [unzip] deflating: C:\Users\willi\.cache\firebase\emulators\ui-v1.14.0\client\assets\provider-icons\auth_service_apple.svg
[debug] [2024-10-25T03:05:26.387Z] [unzip] Entry: client/assets/provider-icons/auth_service_github.svg (compressed_size=466 bytes, uncompressed_size=838 bytes)
[debug] [2024-10-25T03:05:26.387Z] [unzip] Processing entry: client\assets\provider-icons\auth_service_github.svg
[debug] [2024-10-25T03:05:26.387Z] [unzip] else mkdir: C:\Users\willi\.cache\firebase\emulators\ui-v1.14.0\client\assets\provider-icons
[debug] [2024-10-25T03:05:26.387Z] [unzip] deflating: C:\Users\willi\.cache\firebase\emulators\ui-v1.14.0\client\assets\provider-icons\auth_service_github.svg
[debug] [2024-10-25T03:05:26.387Z] [unzip] Entry: client/assets/provider-icons/auth_service_mslive.svg (compressed_size=203 bytes, uncompressed_size=378 bytes)
[debug] [2024-10-25T03:05:26.387Z] [unzip] Processing entry: client\assets\provider-icons\auth_service_mslive.svg
[debug] [2024-10-25T03:05:26.387Z] [unzip] else mkdir: C:\Users\willi\.cache\firebase\emulators\ui-v1.14.0\client\assets\provider-icons
[debug] [2024-10-25T03:05:26.388Z] [unzip] deflating: C:\Users\willi\.cache\firebase\emulators\ui-v1.14.0\client\assets\provider-icons\auth_service_mslive.svg
[debug] [2024-10-25T03:05:26.388Z] [unzip] Entry: client/assets/provider-icons/auth_service_yahoo.svg (compressed_size=577 bytes, uncompressed_size=1182 bytes)
[debug] [2024-10-25T03:05:26.388Z] [unzip] Processing entry: client\assets\provider-icons\auth_service_yahoo.svg
[debug] [2024-10-25T03:05:26.388Z] [unzip] else mkdir: C:\Users\willi\.cache\firebase\emulators\ui-v1.14.0\client\assets\provider-icons
[debug] [2024-10-25T03:05:26.388Z] [unzip] deflating: C:\Users\willi\.cache\firebase\emulators\ui-v1.14.0\client\assets\provider-icons\auth_service_yahoo.svg
[debug] [2024-10-25T03:05:26.389Z] [unzip] Entry: client/assets/provider-icons/auth_service_twitter.svg (compressed_size=444 bytes, uncompressed_size=751 bytes)
[debug] [2024-10-25T03:05:26.389Z] [unzip] Processing entry: client\assets\provider-icons\auth_service_twitter.svg
[debug] [2024-10-25T03:05:26.389Z] [unzip] else mkdir: C:\Users\willi\.cache\firebase\emulators\ui-v1.14.0\client\assets\provider-icons
[debug] [2024-10-25T03:05:26.389Z] [unzip] deflating: C:\Users\willi\.cache\firebase\emulators\ui-v1.14.0\client\assets\provider-icons\auth_service_twitter.svg
[debug] [2024-10-25T03:05:26.390Z] [unzip] Entry: client/assets/provider-icons/auth_service_play_games.svg (compressed_size=565 bytes, uncompressed_size=1173 bytes)
[debug] [2024-10-25T03:05:26.390Z] [unzip] Processing entry: client\assets\provider-icons\auth_service_play_games.svg
[debug] [2024-10-25T03:05:26.390Z] [unzip] else mkdir: C:\Users\willi\.cache\firebase\emulators\ui-v1.14.0\client\assets\provider-icons
[debug] [2024-10-25T03:05:26.390Z] [unzip] deflating: C:\Users\willi\.cache\firebase\emulators\ui-v1.14.0\client\assets\provider-icons\auth_service_play_games.svg
[debug] [2024-10-25T03:05:26.391Z] [unzip] Entry: client/assets/provider-icons/auth_service_email.svg (compressed_size=228 bytes, uncompressed_size=326 bytes)
[debug] [2024-10-25T03:05:26.391Z] [unzip] Processing entry: client\assets\provider-icons\auth_service_email.svg
[debug] [2024-10-25T03:05:26.391Z] [unzip] else mkdir: C:\Users\willi\.cache\firebase\emulators\ui-v1.14.0\client\assets\provider-icons
[debug] [2024-10-25T03:05:26.391Z] [unzip] deflating: C:\Users\willi\.cache\firebase\emulators\ui-v1.14.0\client\assets\provider-icons\auth_service_email.svg
[debug] [2024-10-25T03:05:26.391Z] [unzip] Entry: client/assets/provider-icons/auth_service_google.svg (compressed_size=409 bytes, uncompressed_size=720 bytes)
[debug] [2024-10-25T03:05:26.391Z] [unzip] Processing entry: client\assets\provider-icons\auth_service_google.svg
[debug] [2024-10-25T03:05:26.391Z] [unzip] else mkdir: C:\Users\willi\.cache\firebase\emulators\ui-v1.14.0\client\assets\provider-icons
[debug] [2024-10-25T03:05:26.392Z] [unzip] deflating: C:\Users\willi\.cache\firebase\emulators\ui-v1.14.0\client\assets\provider-icons\auth_service_google.svg
[debug] [2024-10-25T03:05:26.392Z] [unzip] Entry: client/assets/provider-icons/auth_service_oidc.svg (compressed_size=414 bytes, uncompressed_size=858 bytes)
[debug] [2024-10-25T03:05:26.392Z] [unzip] Processing entry: client\assets\provider-icons\auth_service_oidc.svg
[debug] [2024-10-25T03:05:26.392Z] [unzip] else mkdir: C:\Users\willi\.cache\firebase\emulators\ui-v1.14.0\client\assets\provider-icons
[debug] [2024-10-25T03:05:26.392Z] [unzip] deflating: C:\Users\willi\.cache\firebase\emulators\ui-v1.14.0\client\assets\provider-icons\auth_service_oidc.svg
[debug] [2024-10-25T03:05:26.393Z] [unzip] Entry: client/browserconfig.xml (compressed_size=491 bytes, uncompressed_size=822 bytes)
[debug] [2024-10-25T03:05:26.393Z] [unzip] Processing entry: client\browserconfig.xml
[debug] [2024-10-25T03:05:26.393Z] [unzip] else mkdir: C:\Users\willi\.cache\firebase\emulators\ui-v1.14.0\client
[debug] [2024-10-25T03:05:26.393Z] [unzip] deflating: C:\Users\willi\.cache\firebase\emulators\ui-v1.14.0\client\browserconfig.xml
[debug] [2024-10-25T03:05:26.394Z] [unzip] Entry: client/favicon-32x32.png (compressed_size=475 bytes, uncompressed_size=475 bytes)
[debug] [2024-10-25T03:05:26.394Z] [unzip] Processing entry: client\favicon-32x32.png
[debug] [2024-10-25T03:05:26.394Z] [unzip] else mkdir: C:\Users\willi\.cache\firebase\emulators\ui-v1.14.0\client
[debug] [2024-10-25T03:05:26.394Z] [unzip] Writing file: C:\Users\willi\.cache\firebase\emulators\ui-v1.14.0\client\favicon-32x32.png
[debug] [2024-10-25T03:05:26.394Z] [unzip] Entry: server/ (compressed_size=0 bytes, uncompressed_size=0 bytes)
[debug] [2024-10-25T03:05:26.394Z] [unzip] Processing entry: server\
[debug] [2024-10-25T03:05:26.394Z] [unzip] mkdir: C:\Users\willi\.cache\firebase\emulators\ui-v1.14.0\server\
[debug] [2024-10-25T03:05:26.394Z] [unzip] Entry: server/server.mjs.map (compressed_size=296496 bytes, uncompressed_size=1355667 bytes)
[debug] [2024-10-25T03:05:26.394Z] [unzip] Processing entry: server\server.mjs.map
[debug] [2024-10-25T03:05:26.394Z] [unzip] else mkdir: C:\Users\willi\.cache\firebase\emulators\ui-v1.14.0\server
[debug] [2024-10-25T03:05:26.394Z] [unzip] deflating: C:\Users\willi\.cache\firebase\emulators\ui-v1.14.0\server\server.mjs.map
[debug] [2024-10-25T03:05:26.400Z] [unzip] Entry: server/server.mjs (compressed_size=315701 bytes, uncompressed_size=1172682 bytes)
[debug] [2024-10-25T03:05:26.400Z] [unzip] Processing entry: server\server.mjs
[debug] [2024-10-25T03:05:26.400Z] [unzip] else mkdir: C:\Users\willi\.cache\firebase\emulators\ui-v1.14.0\server
[debug] [2024-10-25T03:05:26.400Z] [unzip] deflating: C:\Users\willi\.cache\firebase\emulators\ui-v1.14.0\server\server.mjs
[debug] [2024-10-25T03:05:26.405Z] [unzip] Entry: server/assets/ (compressed_size=0 bytes, uncompressed_size=0 bytes)
[debug] [2024-10-25T03:05:26.405Z] [unzip] Processing entry: server\assets\
[debug] [2024-10-25T03:05:26.405Z] [unzip] mkdir: C:\Users\willi\.cache\firebase\emulators\ui-v1.14.0\server\assets\
[debug] [2024-10-25T03:05:26.406Z] [unzip] Entry: server/assets/multipart-parser-DGCUZdXu.mjs.map (compressed_size=4791 bytes, uncompressed_size=17918 bytes)
[debug] [2024-10-25T03:05:26.406Z] [unzip] Processing entry: server\assets\multipart-parser-DGCUZdXu.mjs.map
[debug] [2024-10-25T03:05:26.406Z] [unzip] else mkdir: C:\Users\willi\.cache\firebase\emulators\ui-v1.14.0\server\assets
[debug] [2024-10-25T03:05:26.406Z] [unzip] deflating: C:\Users\willi\.cache\firebase\emulators\ui-v1.14.0\server\assets\multipart-parser-DGCUZdXu.mjs.map
[debug] [2024-10-25T03:05:26.407Z] [unzip] Entry: server/assets/multipart-parser-DGCUZdXu.mjs (compressed_size=2621 bytes, uncompressed_size=10390 bytes)
[debug] [2024-10-25T03:05:26.407Z] [unzip] Processing entry: server\assets\multipart-parser-DGCUZdXu.mjs
[debug] [2024-10-25T03:05:26.407Z] [unzip] else mkdir: C:\Users\willi\.cache\firebase\emulators\ui-v1.14.0\server\assets
[debug] [2024-10-25T03:05:26.407Z] [unzip] deflating: C:\Users\willi\.cache\firebase\emulators\ui-v1.14.0\server\assets\multipart-parser-DGCUZdXu.mjs
[info] i  ui: Removing outdated emulator files: ui-v1.9.0 {"metadata":{"emulator":{"name":"ui"},"message":"Removing outdated emulator files: ui-v1.9.0"}}
[info] i  ui: Removing outdated emulator files: ui-v1.9.0.zip {"metadata":{"emulator":{"name":"ui"},"message":"Removing outdated emulator files: ui-v1.9.0.zip"}}
[debug] [2024-10-25T03:05:26.421Z] Ignoring unsupported arg: auto_download {"metadata":{"emulator":{"name":"ui"},"message":"Ignoring unsupported arg: auto_download"}}
[debug] [2024-10-25T03:05:26.421Z] Ignoring unsupported arg: port {"metadata":{"emulator":{"name":"ui"},"message":"Ignoring unsupported arg: port"}}
[debug] [2024-10-25T03:05:26.421Z] Starting Emulator UI with command {"binary":"node","args":["C:\\Users\\willi\\.cache\\firebase\\emulators\\ui-v1.14.0\\server\\server.mjs"],"optionalArgs":[],"joinArgs":false,"shell":false,"port":4000} {"metadata":{"emulator":{"name":"ui"},"message":"Starting Emulator UI with command {\"binary\":\"node\",\"args\":[\"C:\\\\Users\\\\willi\\\\.cache\\\\firebase\\\\emulators\\\\ui-v1.14.0\\\\server\\\\server.mjs\"],\"optionalArgs\":[],\"joinArgs\":false,\"shell\":false,\"port\":4000}"}}
[info] i  ui: Emulator UI logging to ui-debug.log {"metadata":{"emulator":{"name":"ui"},"message":"Emulator UI logging to \u001b[1mui-debug.log\u001b[22m"}}
[debug] [2024-10-25T03:05:26.553Z] Web / API server started at 127.0.0.1:4000
 {"metadata":{"emulator":{"name":"ui"},"message":"Web / API server started at 127.0.0.1:4000\n"}}
[debug] [2024-10-25T03:05:26.553Z] Web / API server started at ::1:4000
 {"metadata":{"emulator":{"name":"ui"},"message":"Web / API server started at ::1:4000\n"}}
[debug] [2024-10-25T03:05:26.644Z] Could not find VSCode notification endpoint: FetchError: request to http://localhost:40001/vscode/notify failed, reason: . If you are not running the Firebase Data Connect VSCode extension, this is expected and not an issue.
[info] 
┌─────────────────────────────────────────────────────────────┐
│ ✔  All emulators ready! It is now safe to connect your app. │
│ i  View Emulator UI at http://127.0.0.1:4000/               │
└─────────────────────────────────────────────────────────────┘

┌────────────────┬────────────────┬────────────────────────────┐
│ Emulator       │ Host:Port      │ View in Emulator UI        │
├────────────────┼────────────────┼────────────────────────────┤
│ Authentication │ 127.0.0.1:9099 │ http://127.0.0.1:4000/auth │
└────────────────┴────────────────┴────────────────────────────┘
  Emulator Hub running at 127.0.0.1:4400
  Other reserved ports: 4500

Issues? Report them at https://github.com/firebase/firebase-tools/issues and attach the *-debug.log files.
 
[debug] [2024-10-25T14:10:59.269Z] ----------------------------------------------------------------------
[debug] [2024-10-25T14:10:59.271Z] Command:       C:\Program Files\nodejs\node.exe C:\Program Files\nodejs\node_modules\firebase-tools\lib\bin\firebase.js emulators:start
[debug] [2024-10-25T14:10:59.272Z] CLI Version:   13.23.0
[debug] [2024-10-25T14:10:59.272Z] Platform:      win32
[debug] [2024-10-25T14:10:59.272Z] Node Version:  v20.17.0
[debug] [2024-10-25T14:10:59.272Z] Time:          Fri Oct 25 2024 07:10:59 GMT-0700 (Pacific Daylight Time)
[debug] [2024-10-25T14:10:59.272Z] ----------------------------------------------------------------------
[debug] 
[debug] [2024-10-25T14:10:59.371Z] > command requires scopes: ["email","openid","https://www.googleapis.com/auth/cloudplatformprojects.readonly","https://www.googleapis.com/auth/firebase","https://www.googleapis.com/auth/cloud-platform"]
[debug] [2024-10-25T14:10:59.371Z] > authorizing via signed-in user (william.owen.career@gmail.com)
[info] i  emulators: Starting emulators: auth {"metadata":{"emulator":{"name":"hub"},"message":"Starting emulators: auth"}}
[debug] [2024-10-25T14:10:59.381Z] [logging] Logging Emulator only supports listening on one address (127.0.0.1). Not listening on ::1
[debug] [2024-10-25T14:10:59.381Z] [auth] Authentication Emulator only supports listening on one address (127.0.0.1). Not listening on ::1
[debug] [2024-10-25T14:10:59.381Z] assigned listening specs for emulators {"user":{"hub":[{"address":"127.0.0.1","family":"IPv4","port":4400},{"address":"::1","family":"IPv6","port":4400}],"ui":[{"address":"127.0.0.1","family":"IPv4","port":4000},{"address":"::1","family":"IPv6","port":4000}],"logging":[{"address":"127.0.0.1","family":"IPv4","port":4500}],"auth":[{"address":"127.0.0.1","family":"IPv4","port":9099}]},"metadata":{"message":"assigned listening specs for emulators"}}
[warn] !  emulators: It seems that you are running multiple instances of the emulator suite for project login-signup-form-2024. This may result in unexpected behavior. 
[debug] [2024-10-25T14:10:59.388Z] [hub] writing locator at C:\Users\willi\AppData\Local\Temp\hub-login-signup-form-2024.json
[debug] [2024-10-25T14:11:03.964Z] Ignoring unsupported arg: auto_download {"metadata":{"emulator":{"name":"ui"},"message":"Ignoring unsupported arg: auto_download"}}
[debug] [2024-10-25T14:11:03.965Z] Ignoring unsupported arg: port {"metadata":{"emulator":{"name":"ui"},"message":"Ignoring unsupported arg: port"}}
[debug] [2024-10-25T14:11:03.965Z] Starting Emulator UI with command {"binary":"node","args":["C:\\Users\\willi\\.cache\\firebase\\emulators\\ui-v1.14.0\\server\\server.mjs"],"optionalArgs":[],"joinArgs":false,"shell":false,"port":4000} {"metadata":{"emulator":{"name":"ui"},"message":"Starting Emulator UI with command {\"binary\":\"node\",\"args\":[\"C:\\\\Users\\\\willi\\\\.cache\\\\firebase\\\\emulators\\\\ui-v1.14.0\\\\server\\\\server.mjs\"],\"optionalArgs\":[],\"joinArgs\":false,\"shell\":false,\"port\":4000}"}}
[info] i  ui: Emulator UI logging to ui-debug.log {"metadata":{"emulator":{"name":"ui"},"message":"Emulator UI logging to \u001b[1mui-debug.log\u001b[22m"}}
[debug] [2024-10-25T14:11:04.125Z] Web / API server started at 127.0.0.1:4000
 {"metadata":{"emulator":{"name":"ui"},"message":"Web / API server started at 127.0.0.1:4000\n"}}
[debug] [2024-10-25T14:11:04.125Z] Web / API server started at ::1:4000
 {"metadata":{"emulator":{"name":"ui"},"message":"Web / API server started at ::1:4000\n"}}
[debug] [2024-10-25T14:11:04.197Z] Could not find VSCode notification endpoint: FetchError: request to http://localhost:40001/vscode/notify failed, reason: . If you are not running the Firebase Data Connect VSCode extension, this is expected and not an issue.
[info] 
┌─────────────────────────────────────────────────────────────┐
│ ✔  All emulators ready! It is now safe to connect your app. │
│ i  View Emulator UI at http://127.0.0.1:4000/               │
└─────────────────────────────────────────────────────────────┘

┌────────────────┬────────────────┬────────────────────────────┐
│ Emulator       │ Host:Port      │ View in Emulator UI        │
├────────────────┼────────────────┼────────────────────────────┤
│ Authentication │ 127.0.0.1:9099 │ http://127.0.0.1:4000/auth │
└────────────────┴────────────────┴────────────────────────────┘
  Emulator Hub running at 127.0.0.1:4400
  Other reserved ports: 4500

Issues? Report them at https://github.com/firebase/firebase-tools/issues and attach the *-debug.log files.
 
